<?xml version="1.0" encoding="UTF-8"?>
<testng-results ignored="0" total="0" passed="0" failed="0" skipped="0">
  <reporter-output>
  </reporter-output>
  <suite started-at="2022-08-07T22:41:05 IST" name="UserManagerTest" finished-at="2022-08-07T22:41:05 IST" duration-ms="20">
    <groups>
    </groups>
    <test started-at="2022-08-07T22:41:05 IST" name="Command line test" finished-at="2022-08-07T22:41:05 IST" duration-ms="20">
    </test> <!-- Command line test -->
  </suite> <!-- UserManagerTest -->
</testng-results>
